
SQL*Loader: Release 21.0.0.0.0 - Production on Mié Nov 8 03:44:33 2023
Version 21.3.0.0.0

Copyright (c) 1982, 2021, Oracle and/or its affiliates.  All rights reserved.

Archivo de Control:   data/cargaMasivaDatos/ctl/cargaMasiva_usuarios.ctl
Archivo de Datos:      data\cargaMasivaDatos\csv\data_usuarios.csv
  Archivo de Errores:     data/cargaMasivaDatos/ctl/data_usuarios.bad
  Desechar Archivo:  ninguno especificado
 
 (Permitir todos los registros desechados)

Número a cargar: ALL
Número que omitir: 0
Errores permitidos: 50
Matriz de enlace:     250 filas, máximo de 1048576 bytes
Continuación:    ninguno especificado
Ruta de acceso utilizada:      Convencional

Tabla USUARIOS, cargada de cada registro lógico.
Opción INSERT activa para esta tabla: APPEND

   Nombre Columna                  Posición   Long  Term Entorno Tipo de Dato
------------------------------ ---------- ----- ---- ---- ---------------------
TIPO_DOCUMENTO                      FIRST     *   ,       CHARACTER            
NUM_DOCUMENTO                        NEXT     *   ,       CHARACTER            
NOMBRE                               NEXT     *   ,       CHARACTER            
CORREO                               NEXT     *   ,       CHARACTER            
TIPOSUSUARIO_TIPO                    NEXT     *   ,       CHARACTER            

Registro 1: Rechazado - Error en tabla USUARIOS, columna NUM_DOCUMENTO.
ORA-01722: número no válido

Registro 2: Rechazado - Error en tabla USUARIOS.
ORA-00001: restricción única (ISIS2304C15202320.USUARIOS_PK) violada

Registro 3: Rechazado - Error en tabla USUARIOS.
ORA-00001: restricción única (ISIS2304C15202320.USUARIOS_PK) violada

Registro 7: Rechazado - Error en tabla USUARIOS.
ORA-00001: restricción única (ISIS2304C15202320.USUARIOS_PK) violada

Registro 16: Rechazado - Error en tabla USUARIOS.
ORA-00001: restricción única (ISIS2304C15202320.USUARIOS_PK) violada

Registro 20: Rechazado - Error en tabla USUARIOS.
ORA-00001: restricción única (ISIS2304C15202320.USUARIOS_PK) violada

Registro 21: Rechazado - Error en tabla USUARIOS.
ORA-00001: restricción única (ISIS2304C15202320.USUARIOS_PK) violada

Registro 31: Rechazado - Error en tabla USUARIOS.
ORA-00001: restricción única (ISIS2304C15202320.USUARIOS_PK) violada

Registro 34: Rechazado - Error en tabla USUARIOS.
ORA-00001: restricción única (ISIS2304C15202320.USUARIOS_PK) violada

Registro 35: Rechazado - Error en tabla USUARIOS.
ORA-00001: restricción única (ISIS2304C15202320.USUARIOS_PK) violada

Registro 36: Rechazado - Error en tabla USUARIOS.
ORA-00001: restricción única (ISIS2304C15202320.USUARIOS_PK) violada

Registro 37: Rechazado - Error en tabla USUARIOS.
ORA-00001: restricción única (ISIS2304C15202320.USUARIOS_PK) violada

Registro 41: Rechazado - Error en tabla USUARIOS.
ORA-00001: restricción única (ISIS2304C15202320.USUARIOS_PK) violada

Registro 47: Rechazado - Error en tabla USUARIOS.
ORA-00001: restricción única (ISIS2304C15202320.USUARIOS_PK) violada

Registro 54: Rechazado - Error en tabla USUARIOS.
ORA-00001: restricción única (ISIS2304C15202320.USUARIOS_PK) violada

Registro 55: Rechazado - Error en tabla USUARIOS.
ORA-00001: restricción única (ISIS2304C15202320.USUARIOS_PK) violada

Registro 57: Rechazado - Error en tabla USUARIOS.
ORA-00001: restricción única (ISIS2304C15202320.USUARIOS_PK) violada

Registro 61: Rechazado - Error en tabla USUARIOS.
ORA-00001: restricción única (ISIS2304C15202320.USUARIOS_PK) violada

Registro 63: Rechazado - Error en tabla USUARIOS.
ORA-00001: restricción única (ISIS2304C15202320.USUARIOS_PK) violada

Registro 66: Rechazado - Error en tabla USUARIOS.
ORA-00001: restricción única (ISIS2304C15202320.USUARIOS_PK) violada

Registro 70: Rechazado - Error en tabla USUARIOS.
ORA-00001: restricción única (ISIS2304C15202320.USUARIOS_PK) violada

Registro 76: Rechazado - Error en tabla USUARIOS.
ORA-00001: restricción única (ISIS2304C15202320.USUARIOS_PK) violada

Registro 78: Rechazado - Error en tabla USUARIOS.
ORA-00001: restricción única (ISIS2304C15202320.USUARIOS_PK) violada

Registro 79: Rechazado - Error en tabla USUARIOS.
ORA-00001: restricción única (ISIS2304C15202320.USUARIOS_PK) violada

Registro 81: Rechazado - Error en tabla USUARIOS.
ORA-00001: restricción única (ISIS2304C15202320.USUARIOS_PK) violada

Registro 84: Rechazado - Error en tabla USUARIOS.
ORA-00001: restricción única (ISIS2304C15202320.USUARIOS_PK) violada

Registro 87: Rechazado - Error en tabla USUARIOS.
ORA-00001: restricción única (ISIS2304C15202320.USUARIOS_PK) violada

Registro 88: Rechazado - Error en tabla USUARIOS.
ORA-00001: restricción única (ISIS2304C15202320.USUARIOS_PK) violada

Registro 95: Rechazado - Error en tabla USUARIOS.
ORA-00001: restricción única (ISIS2304C15202320.USUARIOS_PK) violada

Registro 100: Rechazado - Error en tabla USUARIOS.
ORA-00001: restricción única (ISIS2304C15202320.USUARIOS_PK) violada

Registro 109: Rechazado - Error en tabla USUARIOS.
ORA-00001: restricción única (ISIS2304C15202320.USUARIOS_PK) violada

Registro 126: Rechazado - Error en tabla USUARIOS.
ORA-00001: restricción única (ISIS2304C15202320.USUARIOS_PK) violada

Registro 127: Rechazado - Error en tabla USUARIOS.
ORA-00001: restricción única (ISIS2304C15202320.USUARIOS_PK) violada

Registro 129: Rechazado - Error en tabla USUARIOS.
ORA-00001: restricción única (ISIS2304C15202320.USUARIOS_PK) violada

Registro 130: Rechazado - Error en tabla USUARIOS.
ORA-00001: restricción única (ISIS2304C15202320.USUARIOS_PK) violada

Registro 132: Rechazado - Error en tabla USUARIOS.
ORA-00001: restricción única (ISIS2304C15202320.USUARIOS_PK) violada

Registro 136: Rechazado - Error en tabla USUARIOS.
ORA-00001: restricción única (ISIS2304C15202320.USUARIOS_PK) violada

Registro 141: Rechazado - Error en tabla USUARIOS.
ORA-00001: restricción única (ISIS2304C15202320.USUARIOS_PK) violada

Registro 145: Rechazado - Error en tabla USUARIOS.
ORA-00001: restricción única (ISIS2304C15202320.USUARIOS_PK) violada

Registro 146: Rechazado - Error en tabla USUARIOS.
ORA-00001: restricción única (ISIS2304C15202320.USUARIOS_PK) violada

Registro 148: Rechazado - Error en tabla USUARIOS.
ORA-00001: restricción única (ISIS2304C15202320.USUARIOS_PK) violada

Registro 150: Rechazado - Error en tabla USUARIOS.
ORA-00001: restricción única (ISIS2304C15202320.USUARIOS_PK) violada

Registro 153: Rechazado - Error en tabla USUARIOS.
ORA-00001: restricción única (ISIS2304C15202320.USUARIOS_PK) violada

Registro 157: Rechazado - Error en tabla USUARIOS.
ORA-00001: restricción única (ISIS2304C15202320.USUARIOS_PK) violada

Registro 162: Rechazado - Error en tabla USUARIOS.
ORA-00001: restricción única (ISIS2304C15202320.USUARIOS_PK) violada

Registro 164: Rechazado - Error en tabla USUARIOS.
ORA-00001: restricción única (ISIS2304C15202320.USUARIOS_PK) violada

Registro 165: Rechazado - Error en tabla USUARIOS.
ORA-00001: restricción única (ISIS2304C15202320.USUARIOS_PK) violada

Registro 169: Rechazado - Error en tabla USUARIOS.
ORA-00001: restricción única (ISIS2304C15202320.USUARIOS_PK) violada

Registro 170: Rechazado - Error en tabla USUARIOS.
ORA-00001: restricción única (ISIS2304C15202320.USUARIOS_PK) violada

Registro 171: Rechazado - Error en tabla USUARIOS.
ORA-00001: restricción única (ISIS2304C15202320.USUARIOS_PK) violada

Registro 173: Rechazado - Error en tabla USUARIOS.
ORA-00001: restricción única (ISIS2304C15202320.USUARIOS_PK) violada


MÁXIMO DE ERRORES EXCEDIDO - Las estadísticas anteriores reflejan una ejecución parcial.

Tabla USUARIOS:
  122 Filas cargadas correctamente.
  51 Filas no cargadas debido a errores de datos.
  0 Filas no cargadas porque todas las cláusulas WHEN han fallado.
  0 Filas no cargadas porque todos los campos eran nulos.


Espacio asignado a matriz de enlace:           322500 bytes (250 filas)
Bytes de buffer de lectura: 1048576

Total de registros lógicos omitidos:          0
Total de registros lógicos leídos:         250
Total de registros lógicos rechazados:        51
Total de registros lógicos desechados:        0

La ejecución empezó en Mié Nov 08 03:44:33 2023
La ejecución terminó en Mié Nov 08 03:44:35 2023

Tiempo transcurrido:     00:00:02.40
Tiempo de CPU:         00:00:00.03
