
SQL*Loader: Release 21.0.0.0.0 - Production on Mié Nov 8 01:25:44 2023
Version 21.3.0.0.0

Copyright (c) 1982, 2021, Oracle and/or its affiliates.  All rights reserved.

Archivo de Control:   data/cargaMasivaDatos/ctl/cargaMasiva_reservas.ctl
Archivo de Datos:      data\cargaMasivaDatos\csv\data_reservas.csv
  Archivo de Errores:     data/cargaMasivaDatos/ctl/data_reservas.bad
  Desechar Archivo:  ninguno especificado
 
 (Permitir todos los registros desechados)

Número a cargar: ALL
Número que omitir: 0
Errores permitidos: 50
Matriz de enlace:     250 filas, máximo de 1048576 bytes
Continuación:    ninguno especificado
Ruta de acceso utilizada:      Convencional

Tabla RESERVAS, cargada de cada registro lógico.
Opción INSERT activa para esta tabla: APPEND

   Nombre Columna                  Posición   Long  Term Entorno Tipo de Dato
------------------------------ ---------- ----- ---- ---- ---------------------
ID                                  FIRST     *   ,       CHARACTER            
FECHA_INICIO                         NEXT     *   ,       CHARACTER            
FECHA_SALIDA                         NEXT     *   ,       CHARACTER            
NUM_PERSONAS                         NEXT     *   ,       CHARACTER            
PLANESCONSUMO_ID                     NEXT     *   ,       CHARACTER            
USUARIOS_NUM_DOCUMENTO               NEXT     *   ,       CHARACTER            

Registro 1: Rechazado - Error en tabla RESERVAS, columna ID.
ORA-01722: número no válido

Registro 2: Rechazado - Error en tabla RESERVAS, columna FECHA_INICIO.
ORA-01861: el literal no coincide con la cadena de formato

Registro 3: Rechazado - Error en tabla RESERVAS, columna FECHA_INICIO.
ORA-01861: el literal no coincide con la cadena de formato

Registro 4: Rechazado - Error en tabla RESERVAS, columna FECHA_INICIO.
ORA-01861: el literal no coincide con la cadena de formato

Registro 5: Rechazado - Error en tabla RESERVAS, columna FECHA_INICIO.
ORA-01861: el literal no coincide con la cadena de formato

Registro 6: Rechazado - Error en tabla RESERVAS, columna FECHA_INICIO.
ORA-01861: el literal no coincide con la cadena de formato

Registro 7: Rechazado - Error en tabla RESERVAS, columna FECHA_INICIO.
ORA-01861: el literal no coincide con la cadena de formato

Registro 8: Rechazado - Error en tabla RESERVAS, columna FECHA_INICIO.
ORA-01861: el literal no coincide con la cadena de formato

Registro 9: Rechazado - Error en tabla RESERVAS, columna FECHA_INICIO.
ORA-01861: el literal no coincide con la cadena de formato

Registro 10: Rechazado - Error en tabla RESERVAS, columna FECHA_INICIO.
ORA-01861: el literal no coincide con la cadena de formato

Registro 11: Rechazado - Error en tabla RESERVAS, columna FECHA_INICIO.
ORA-01861: el literal no coincide con la cadena de formato

Registro 12: Rechazado - Error en tabla RESERVAS, columna FECHA_INICIO.
ORA-01861: el literal no coincide con la cadena de formato

Registro 13: Rechazado - Error en tabla RESERVAS, columna FECHA_INICIO.
ORA-01861: el literal no coincide con la cadena de formato

Registro 14: Rechazado - Error en tabla RESERVAS, columna FECHA_INICIO.
ORA-01861: el literal no coincide con la cadena de formato

Registro 15: Rechazado - Error en tabla RESERVAS, columna FECHA_INICIO.
ORA-01861: el literal no coincide con la cadena de formato

Registro 16: Rechazado - Error en tabla RESERVAS, columna FECHA_INICIO.
ORA-01861: el literal no coincide con la cadena de formato

Registro 17: Rechazado - Error en tabla RESERVAS, columna FECHA_INICIO.
ORA-01861: el literal no coincide con la cadena de formato

Registro 18: Rechazado - Error en tabla RESERVAS, columna FECHA_INICIO.
ORA-01861: el literal no coincide con la cadena de formato

Registro 19: Rechazado - Error en tabla RESERVAS, columna FECHA_INICIO.
ORA-01861: el literal no coincide con la cadena de formato

Registro 20: Rechazado - Error en tabla RESERVAS, columna FECHA_INICIO.
ORA-01861: el literal no coincide con la cadena de formato

Registro 21: Rechazado - Error en tabla RESERVAS, columna FECHA_INICIO.
ORA-01861: el literal no coincide con la cadena de formato

Registro 22: Rechazado - Error en tabla RESERVAS, columna FECHA_INICIO.
ORA-01861: el literal no coincide con la cadena de formato

Registro 23: Rechazado - Error en tabla RESERVAS, columna FECHA_INICIO.
ORA-01861: el literal no coincide con la cadena de formato

Registro 24: Rechazado - Error en tabla RESERVAS, columna FECHA_INICIO.
ORA-01861: el literal no coincide con la cadena de formato

Registro 25: Rechazado - Error en tabla RESERVAS, columna FECHA_INICIO.
ORA-01861: el literal no coincide con la cadena de formato

Registro 26: Rechazado - Error en tabla RESERVAS, columna FECHA_INICIO.
ORA-01861: el literal no coincide con la cadena de formato

Registro 27: Rechazado - Error en tabla RESERVAS, columna FECHA_INICIO.
ORA-01861: el literal no coincide con la cadena de formato

Registro 28: Rechazado - Error en tabla RESERVAS, columna FECHA_INICIO.
ORA-01861: el literal no coincide con la cadena de formato

Registro 29: Rechazado - Error en tabla RESERVAS, columna FECHA_INICIO.
ORA-01861: el literal no coincide con la cadena de formato

Registro 30: Rechazado - Error en tabla RESERVAS, columna FECHA_INICIO.
ORA-01861: el literal no coincide con la cadena de formato

Registro 31: Rechazado - Error en tabla RESERVAS, columna FECHA_INICIO.
ORA-01861: el literal no coincide con la cadena de formato

Registro 32: Rechazado - Error en tabla RESERVAS, columna FECHA_INICIO.
ORA-01861: el literal no coincide con la cadena de formato

Registro 33: Rechazado - Error en tabla RESERVAS, columna FECHA_INICIO.
ORA-01861: el literal no coincide con la cadena de formato

Registro 34: Rechazado - Error en tabla RESERVAS, columna FECHA_INICIO.
ORA-01861: el literal no coincide con la cadena de formato

Registro 35: Rechazado - Error en tabla RESERVAS, columna FECHA_INICIO.
ORA-01861: el literal no coincide con la cadena de formato

Registro 36: Rechazado - Error en tabla RESERVAS, columna FECHA_INICIO.
ORA-01861: el literal no coincide con la cadena de formato

Registro 37: Rechazado - Error en tabla RESERVAS, columna FECHA_INICIO.
ORA-01861: el literal no coincide con la cadena de formato

Registro 38: Rechazado - Error en tabla RESERVAS, columna FECHA_INICIO.
ORA-01861: el literal no coincide con la cadena de formato

Registro 39: Rechazado - Error en tabla RESERVAS, columna FECHA_INICIO.
ORA-01861: el literal no coincide con la cadena de formato

Registro 40: Rechazado - Error en tabla RESERVAS, columna FECHA_INICIO.
ORA-01861: el literal no coincide con la cadena de formato

Registro 41: Rechazado - Error en tabla RESERVAS, columna FECHA_INICIO.
ORA-01861: el literal no coincide con la cadena de formato

Registro 42: Rechazado - Error en tabla RESERVAS, columna FECHA_INICIO.
ORA-01861: el literal no coincide con la cadena de formato

Registro 43: Rechazado - Error en tabla RESERVAS, columna FECHA_INICIO.
ORA-01861: el literal no coincide con la cadena de formato

Registro 44: Rechazado - Error en tabla RESERVAS, columna FECHA_INICIO.
ORA-01861: el literal no coincide con la cadena de formato

Registro 45: Rechazado - Error en tabla RESERVAS, columna FECHA_INICIO.
ORA-01861: el literal no coincide con la cadena de formato

Registro 46: Rechazado - Error en tabla RESERVAS, columna FECHA_INICIO.
ORA-01861: el literal no coincide con la cadena de formato

Registro 47: Rechazado - Error en tabla RESERVAS, columna FECHA_INICIO.
ORA-01861: el literal no coincide con la cadena de formato

Registro 48: Rechazado - Error en tabla RESERVAS, columna FECHA_INICIO.
ORA-01861: el literal no coincide con la cadena de formato

Registro 49: Rechazado - Error en tabla RESERVAS, columna FECHA_INICIO.
ORA-01861: el literal no coincide con la cadena de formato

Registro 50: Rechazado - Error en tabla RESERVAS, columna FECHA_INICIO.
ORA-01861: el literal no coincide con la cadena de formato

Registro 51: Rechazado - Error en tabla RESERVAS, columna FECHA_INICIO.
ORA-01861: el literal no coincide con la cadena de formato


MÁXIMO DE ERRORES EXCEDIDO - Las estadísticas anteriores reflejan una ejecución parcial.

Tabla RESERVAS:
  0 Filas cargadas correctamente.
  51 Filas no cargadas debido a errores de datos.
  0 Filas no cargadas porque todas las cláusulas WHEN han fallado.
  0 Filas no cargadas porque todos los campos eran nulos.


Espacio asignado a matriz de enlace:           387000 bytes (250 filas)
Bytes de buffer de lectura: 1048576

Total de registros lógicos omitidos:          0
Total de registros lógicos leídos:         100
Total de registros lógicos rechazados:        51
Total de registros lógicos desechados:        0

La ejecución empezó en Mié Nov 08 01:25:44 2023
La ejecución terminó en Mié Nov 08 01:25:45 2023

Tiempo transcurrido:     00:00:01.56
Tiempo de CPU:         00:00:00.01
