
SQL*Loader: Release 21.0.0.0.0 - Production on Mié Nov 8 00:23:10 2023
Version 21.3.0.0.0

Copyright (c) 1982, 2021, Oracle and/or its affiliates.  All rights reserved.

Archivo de Control:   data/cargaMasivaDatos/ctl/cargaMasiva_productos_super.ctl
Archivo de Datos:      data\cargaMasivaDatos\csv\data_productos_super.csv
  Archivo de Errores:     data/cargaMasivaDatos/ctl/data_productos_super.bad
  Desechar Archivo:  ninguno especificado
 
 (Permitir todos los registros desechados)

Número a cargar: ALL
Número que omitir: 0
Errores permitidos: 50
Matriz de enlace:     250 filas, máximo de 1048576 bytes
Continuación:    ninguno especificado
Ruta de acceso utilizada:      Convencional

Tabla PRODUCTOS_SUPER, cargada de cada registro lógico.
Opción INSERT activa para esta tabla: APPEND

   Nombre Columna                  Posición   Long  Term Entorno Tipo de Dato
------------------------------ ---------- ----- ---- ---- ---------------------
ID                                  FIRST     *   ,       CHARACTER            
NOMBRE                               NEXT     *   ,       CHARACTER            
PRECIO                               NEXT     *   ,       CHARACTER            

Registro 1: Rechazado - Error en tabla PRODUCTOS_SUPER, columna ID.
ORA-01722: número no válido


Tabla PRODUCTOS_SUPER:
  99 Filas cargadas correctamente.
  1 Fila no cargadas debido a errores de datos.
  0 Filas no cargadas porque todas las cláusulas WHEN han fallado.
  0 Filas no cargadas porque todos los campos eran nulos.


Espacio asignado a matriz de enlace:           193500 bytes (250 filas)
Bytes de buffer de lectura: 1048576

Total de registros lógicos omitidos:          0
Total de registros lógicos leídos:         100
Total de registros lógicos rechazados:         1
Total de registros lógicos desechados:        0

La ejecución empezó en Mié Nov 08 00:23:10 2023
La ejecución terminó en Mié Nov 08 00:23:12 2023

Tiempo transcurrido:     00:00:01.73
Tiempo de CPU:         00:00:00.07
