
SQL*Loader: Release 21.0.0.0.0 - Production on Mié Nov 8 00:22:08 2023
Version 21.3.0.0.0

Copyright (c) 1982, 2021, Oracle and/or its affiliates.  All rights reserved.

Archivo de Control:   data/cargaMasivaDatos/ctl/cargaMasiva_clientes.ctl
Archivo de Datos:      data\cargaMasivaDatos\csv\data_clientes.csv
  Archivo de Errores:     data/cargaMasivaDatos/ctl/data_clientes.bad
  Desechar Archivo:  ninguno especificado
 
 (Permitir todos los registros desechados)

Número a cargar: ALL
Número que omitir: 0
Errores permitidos: 50
Matriz de enlace:     250 filas, máximo de 1048576 bytes
Continuación:    ninguno especificado
Ruta de acceso utilizada:      Convencional

Tabla CLIENTES, cargada de cada registro lógico.
Opción INSERT activa para esta tabla: APPEND

   Nombre Columna                  Posición   Long  Term Entorno Tipo de Dato
------------------------------ ---------- ----- ---- ---- ---------------------
TIPO_DOCUMENTO                      FIRST     *   ,       CHARACTER            
NUM_DOCUMENTO                        NEXT     *   ,       CHARACTER            
NOMBRE                               NEXT     *   ,       CHARACTER            
CORREO                               NEXT     *   ,       CHARACTER            

Registro 1: Rechazado - Error en tabla CLIENTES, columna NUM_DOCUMENTO.
ORA-01722: número no válido


Tabla CLIENTES:
  90000 Filas cargadas correctamente.
  1 Fila no cargadas debido a errores de datos.
  0 Filas no cargadas porque todas las cláusulas WHEN han fallado.
  0 Filas no cargadas porque todos los campos eran nulos.


Espacio asignado a matriz de enlace:           258000 bytes (250 filas)
Bytes de buffer de lectura: 1048576

Total de registros lógicos omitidos:          0
Total de registros lógicos leídos:       90001
Total de registros lógicos rechazados:         1
Total de registros lógicos desechados:        0

La ejecución empezó en Mié Nov 08 00:22:08 2023
La ejecución terminó en Mié Nov 08 00:22:22 2023

Tiempo transcurrido:     00:00:14.39
Tiempo de CPU:         00:00:00.27
