
SQL*Loader: Release 21.0.0.0.0 - Production on Mié Nov 8 01:25:48 2023
Version 21.3.0.0.0

Copyright (c) 1982, 2021, Oracle and/or its affiliates.  All rights reserved.

Archivo de Control:   data/cargaMasivaDatos/ctl/cargaMasiva_gimnasios.ctl
Archivo de Datos:      data\cargaMasivaDatos\csv\data_gimnasios.csv
  Archivo de Errores:     data/cargaMasivaDatos/ctl/data_gimnasios.bad
  Desechar Archivo:  ninguno especificado
 
 (Permitir todos los registros desechados)

Número a cargar: ALL
Número que omitir: 0
Errores permitidos: 50
Matriz de enlace:     250 filas, máximo de 1048576 bytes
Continuación:    ninguno especificado
Ruta de acceso utilizada:      Convencional

Tabla GIMNASIOS, cargada de cada registro lógico.
Opción INSERT activa para esta tabla: APPEND

   Nombre Columna                  Posición   Long  Term Entorno Tipo de Dato
------------------------------ ---------- ----- ---- ---- ---------------------
ID                                  FIRST     *   ,       CHARACTER            
CAPACIDAD                            NEXT     *   ,       CHARACTER            
HORA_INICIO                          NEXT     *   ,       CHARACTER            
HORA_FIN                             NEXT     *   ,       CHARACTER            
SERVICIOS_TIPO                       NEXT     *   ,       CHARACTER            

Registro 1: Rechazado - Error en tabla GIMNASIOS, columna ID.
ORA-01722: número no válido

Registro 2: Rechazado - Error en tabla GIMNASIOS, columna HORA_INICIO.
ORA-01840: el valor de entrada no es lo bastante largo para el formato de fecha

Registro 3: Rechazado - Error en tabla GIMNASIOS, columna HORA_INICIO.
ORA-01840: el valor de entrada no es lo bastante largo para el formato de fecha

Registro 4: Rechazado - Error en tabla GIMNASIOS, columna HORA_INICIO.
ORA-01840: el valor de entrada no es lo bastante largo para el formato de fecha

Registro 5: Rechazado - Error en tabla GIMNASIOS, columna HORA_INICIO.
ORA-01840: el valor de entrada no es lo bastante largo para el formato de fecha

Registro 6: Rechazado - Error en tabla GIMNASIOS, columna HORA_INICIO.
ORA-01840: el valor de entrada no es lo bastante largo para el formato de fecha

Registro 7: Rechazado - Error en tabla GIMNASIOS, columna HORA_INICIO.
ORA-01840: el valor de entrada no es lo bastante largo para el formato de fecha

Registro 8: Rechazado - Error en tabla GIMNASIOS, columna HORA_INICIO.
ORA-01840: el valor de entrada no es lo bastante largo para el formato de fecha

Registro 9: Rechazado - Error en tabla GIMNASIOS, columna HORA_INICIO.
ORA-01840: el valor de entrada no es lo bastante largo para el formato de fecha

Registro 10: Rechazado - Error en tabla GIMNASIOS, columna HORA_INICIO.
ORA-01840: el valor de entrada no es lo bastante largo para el formato de fecha

Registro 11: Rechazado - Error en tabla GIMNASIOS, columna HORA_INICIO.
ORA-01840: el valor de entrada no es lo bastante largo para el formato de fecha

Registro 12: Rechazado - Error en tabla GIMNASIOS, columna HORA_INICIO.
ORA-01840: el valor de entrada no es lo bastante largo para el formato de fecha

Registro 13: Rechazado - Error en tabla GIMNASIOS, columna HORA_INICIO.
ORA-01840: el valor de entrada no es lo bastante largo para el formato de fecha

Registro 14: Rechazado - Error en tabla GIMNASIOS, columna HORA_INICIO.
ORA-01840: el valor de entrada no es lo bastante largo para el formato de fecha

Registro 15: Rechazado - Error en tabla GIMNASIOS, columna HORA_INICIO.
ORA-01840: el valor de entrada no es lo bastante largo para el formato de fecha

Registro 16: Rechazado - Error en tabla GIMNASIOS, columna HORA_INICIO.
ORA-01840: el valor de entrada no es lo bastante largo para el formato de fecha

Registro 17: Rechazado - Error en tabla GIMNASIOS, columna HORA_INICIO.
ORA-01840: el valor de entrada no es lo bastante largo para el formato de fecha

Registro 18: Rechazado - Error en tabla GIMNASIOS, columna HORA_INICIO.
ORA-01840: el valor de entrada no es lo bastante largo para el formato de fecha

Registro 19: Rechazado - Error en tabla GIMNASIOS, columna HORA_INICIO.
ORA-01840: el valor de entrada no es lo bastante largo para el formato de fecha

Registro 20: Rechazado - Error en tabla GIMNASIOS, columna HORA_INICIO.
ORA-01840: el valor de entrada no es lo bastante largo para el formato de fecha

Registro 21: Rechazado - Error en tabla GIMNASIOS, columna HORA_INICIO.
ORA-01840: el valor de entrada no es lo bastante largo para el formato de fecha

Registro 22: Rechazado - Error en tabla GIMNASIOS, columna HORA_INICIO.
ORA-01840: el valor de entrada no es lo bastante largo para el formato de fecha

Registro 23: Rechazado - Error en tabla GIMNASIOS, columna HORA_INICIO.
ORA-01840: el valor de entrada no es lo bastante largo para el formato de fecha

Registro 24: Rechazado - Error en tabla GIMNASIOS, columna HORA_INICIO.
ORA-01840: el valor de entrada no es lo bastante largo para el formato de fecha

Registro 25: Rechazado - Error en tabla GIMNASIOS, columna HORA_INICIO.
ORA-01840: el valor de entrada no es lo bastante largo para el formato de fecha

Registro 26: Rechazado - Error en tabla GIMNASIOS, columna HORA_INICIO.
ORA-01840: el valor de entrada no es lo bastante largo para el formato de fecha

Registro 27: Rechazado - Error en tabla GIMNASIOS, columna HORA_INICIO.
ORA-01840: el valor de entrada no es lo bastante largo para el formato de fecha

Registro 28: Rechazado - Error en tabla GIMNASIOS, columna HORA_INICIO.
ORA-01840: el valor de entrada no es lo bastante largo para el formato de fecha

Registro 29: Rechazado - Error en tabla GIMNASIOS, columna HORA_INICIO.
ORA-01840: el valor de entrada no es lo bastante largo para el formato de fecha

Registro 30: Rechazado - Error en tabla GIMNASIOS, columna HORA_INICIO.
ORA-01840: el valor de entrada no es lo bastante largo para el formato de fecha

Registro 31: Rechazado - Error en tabla GIMNASIOS, columna HORA_INICIO.
ORA-01840: el valor de entrada no es lo bastante largo para el formato de fecha

Registro 32: Rechazado - Error en tabla GIMNASIOS, columna HORA_INICIO.
ORA-01840: el valor de entrada no es lo bastante largo para el formato de fecha

Registro 33: Rechazado - Error en tabla GIMNASIOS, columna HORA_INICIO.
ORA-01840: el valor de entrada no es lo bastante largo para el formato de fecha

Registro 34: Rechazado - Error en tabla GIMNASIOS, columna HORA_INICIO.
ORA-01840: el valor de entrada no es lo bastante largo para el formato de fecha

Registro 35: Rechazado - Error en tabla GIMNASIOS, columna HORA_INICIO.
ORA-01840: el valor de entrada no es lo bastante largo para el formato de fecha

Registro 36: Rechazado - Error en tabla GIMNASIOS, columna HORA_INICIO.
ORA-01840: el valor de entrada no es lo bastante largo para el formato de fecha

Registro 37: Rechazado - Error en tabla GIMNASIOS, columna HORA_INICIO.
ORA-01840: el valor de entrada no es lo bastante largo para el formato de fecha

Registro 38: Rechazado - Error en tabla GIMNASIOS, columna HORA_INICIO.
ORA-01840: el valor de entrada no es lo bastante largo para el formato de fecha

Registro 39: Rechazado - Error en tabla GIMNASIOS, columna HORA_INICIO.
ORA-01840: el valor de entrada no es lo bastante largo para el formato de fecha

Registro 40: Rechazado - Error en tabla GIMNASIOS, columna HORA_INICIO.
ORA-01840: el valor de entrada no es lo bastante largo para el formato de fecha

Registro 41: Rechazado - Error en tabla GIMNASIOS, columna HORA_INICIO.
ORA-01840: el valor de entrada no es lo bastante largo para el formato de fecha

Registro 42: Rechazado - Error en tabla GIMNASIOS, columna HORA_INICIO.
ORA-01840: el valor de entrada no es lo bastante largo para el formato de fecha

Registro 43: Rechazado - Error en tabla GIMNASIOS, columna HORA_INICIO.
ORA-01840: el valor de entrada no es lo bastante largo para el formato de fecha

Registro 44: Rechazado - Error en tabla GIMNASIOS, columna HORA_INICIO.
ORA-01840: el valor de entrada no es lo bastante largo para el formato de fecha

Registro 45: Rechazado - Error en tabla GIMNASIOS, columna HORA_INICIO.
ORA-01840: el valor de entrada no es lo bastante largo para el formato de fecha

Registro 46: Rechazado - Error en tabla GIMNASIOS, columna HORA_INICIO.
ORA-01840: el valor de entrada no es lo bastante largo para el formato de fecha

Registro 47: Rechazado - Error en tabla GIMNASIOS, columna HORA_INICIO.
ORA-01840: el valor de entrada no es lo bastante largo para el formato de fecha

Registro 48: Rechazado - Error en tabla GIMNASIOS, columna HORA_INICIO.
ORA-01840: el valor de entrada no es lo bastante largo para el formato de fecha

Registro 49: Rechazado - Error en tabla GIMNASIOS, columna HORA_INICIO.
ORA-01840: el valor de entrada no es lo bastante largo para el formato de fecha

Registro 50: Rechazado - Error en tabla GIMNASIOS, columna HORA_INICIO.
ORA-01840: el valor de entrada no es lo bastante largo para el formato de fecha

Registro 51: Rechazado - Error en tabla GIMNASIOS, columna HORA_INICIO.
ORA-01840: el valor de entrada no es lo bastante largo para el formato de fecha


MÁXIMO DE ERRORES EXCEDIDO - Las estadísticas anteriores reflejan una ejecución parcial.

Tabla GIMNASIOS:
  0 Filas cargadas correctamente.
  51 Filas no cargadas debido a errores de datos.
  0 Filas no cargadas porque todas las cláusulas WHEN han fallado.
  0 Filas no cargadas porque todos los campos eran nulos.


Espacio asignado a matriz de enlace:           322500 bytes (250 filas)
Bytes de buffer de lectura: 1048576

Total de registros lógicos omitidos:          0
Total de registros lógicos leídos:         100
Total de registros lógicos rechazados:        51
Total de registros lógicos desechados:        0

La ejecución empezó en Mié Nov 08 01:25:48 2023
La ejecución terminó en Mié Nov 08 01:25:49 2023

Tiempo transcurrido:     00:00:01.33
Tiempo de CPU:         00:00:00.04
